<?xml version="1.0" encoding="UTF-8"?>
<testsuite name="addressbook_web_tests.GroupCreationTest" tests="1" skipped="0" failures="0" errors="0" timestamp="2019-07-02T14:37:25" hostname="MacBook-Air.local" time="7.381">
  <properties/>
  <testcase name="testGroupCreation" classname="addressbook_web_tests.GroupCreationTest" time="7.381"/>
  <system-out><![CDATA[]]></system-out>
  <system-err><![CDATA[1562078246268	mozrunner::runner	INFO	Running command: "/Applications/Firefox.app/Contents/MacOS/firefox-bin" "-marionette" "-foreground" "-no-remote" "-profile" "/var/folders/6h/2pzsp50n6q58wx9vcx3w9rr40000gn/T/rust_mozprofile.XM77sO5qNPha"
1562078246961	addons.webextension.screenshots@mozilla.org	WARN	Loading extension 'screenshots@mozilla.org': Reading manifest: Invalid extension permission: mozillaAddons
1562078246962	addons.webextension.screenshots@mozilla.org	WARN	Loading extension 'screenshots@mozilla.org': Reading manifest: Invalid extension permission: resource://pdf.js/
1562078246962	addons.webextension.screenshots@mozilla.org	WARN	Loading extension 'screenshots@mozilla.org': Reading manifest: Invalid extension permission: about:reader*
1562078249260	Marionette	INFO	Listening on port 57973
Jul 02, 2019 5:37:29 PM org.openqa.selenium.remote.ProtocolHandshake createSession
INFO: Detected dialect: W3C
1562078251963	Marionette	INFO	Stopped listening on port 57973
]]></system-err>
</testsuite>
