<?xml version="1.0" encoding="UTF-8"?>
<testsuite name="addressbook_web_tests.tests.GroupCreationTest" tests="1" skipped="0" failures="0" errors="0" timestamp="2019-07-02T16:32:39" hostname="MacBook-Air.local" time="9.587">
  <properties/>
  <testcase name="testGroupCreation" classname="addressbook_web_tests.tests.GroupCreationTest" time="9.587"/>
  <system-out><![CDATA[]]></system-out>
  <system-err><![CDATA[1562085160944	mozrunner::runner	INFO	Running command: "/Applications/Firefox.app/Contents/MacOS/firefox-bin" "-marionette" "-foreground" "-no-remote" "-profile" "/var/folders/6h/2pzsp50n6q58wx9vcx3w9rr40000gn/T/rust_mozprofile.q8eos3b4zzb7"
1562085162096	addons.webextension.screenshots@mozilla.org	WARN	Loading extension 'screenshots@mozilla.org': Reading manifest: Invalid extension permission: mozillaAddons
1562085162097	addons.webextension.screenshots@mozilla.org	WARN	Loading extension 'screenshots@mozilla.org': Reading manifest: Invalid extension permission: resource://pdf.js/
1562085162097	addons.webextension.screenshots@mozilla.org	WARN	Loading extension 'screenshots@mozilla.org': Reading manifest: Invalid extension permission: about:reader*
1562085164983	Marionette	INFO	Listening on port 53024
Jul 02, 2019 7:32:45 PM org.openqa.selenium.remote.ProtocolHandshake createSession
INFO: Detected dialect: W3C
1562085168404	Marionette	INFO	Stopped listening on port 53024
]]></system-err>
</testsuite>
