<?xml version="1.0" encoding="UTF-8"?>
<testsuite name="addressbook_web_tests.tests.ContactCreationTest" tests="1" skipped="0" failures="0" errors="0" timestamp="2019-07-03T08:18:33" hostname="MacBook-Air.local" time="11.3">
  <properties/>
  <testcase name="testContactCreation" classname="addressbook_web_tests.tests.ContactCreationTest" time="11.3"/>
  <system-out><![CDATA[]]></system-out>
  <system-err><![CDATA[1562141914346	mozrunner::runner	INFO	Running command: "/Applications/Firefox.app/Contents/MacOS/firefox-bin" "-marionette" "-foreground" "-no-remote" "-profile" "/var/folders/6h/2pzsp50n6q58wx9vcx3w9rr40000gn/T/rust_mozprofile.Ap3cicGbgRWB"
1562141915317	addons.webextension.screenshots@mozilla.org	WARN	Loading extension 'screenshots@mozilla.org': Reading manifest: Invalid extension permission: mozillaAddons
1562141915318	addons.webextension.screenshots@mozilla.org	WARN	Loading extension 'screenshots@mozilla.org': Reading manifest: Invalid extension permission: resource://pdf.js/
1562141915318	addons.webextension.screenshots@mozilla.org	WARN	Loading extension 'screenshots@mozilla.org': Reading manifest: Invalid extension permission: about:reader*
1562141917591	Marionette	INFO	Listening on port 60159
Jul 03, 2019 11:18:37 AM org.openqa.selenium.remote.ProtocolHandshake createSession
INFO: Detected dialect: W3C
1562141923833	Marionette	INFO	Stopped listening on port 60159

###!!! [Child][RunMessage] Error: Channel closing: too late to send/recv, messages will be lost


###!!! [Child][RunMessage] Error: Channel closing: too late to send/recv, messages will be lost

]]></system-err>
</testsuite>
