<?xml version="1.0" encoding="UTF-8"?>
<testsuite name="addressbook_web_tests.tests.GroupCreationTest" tests="1" skipped="0" failures="0" errors="0" timestamp="2019-07-02T17:00:35" hostname="MacBook-Air.local" time="7.294">
  <properties/>
  <testcase name="testGroupCreation" classname="addressbook_web_tests.tests.GroupCreationTest" time="7.294"/>
  <system-out><![CDATA[]]></system-out>
  <system-err><![CDATA[1562086836492	mozrunner::runner	INFO	Running command: "/Applications/Firefox.app/Contents/MacOS/firefox-bin" "-marionette" "-foreground" "-no-remote" "-profile" "/var/folders/6h/2pzsp50n6q58wx9vcx3w9rr40000gn/T/rust_mozprofile.M8KbgVmCyrjY"
1562086837374	addons.webextension.screenshots@mozilla.org	WARN	Loading extension 'screenshots@mozilla.org': Reading manifest: Invalid extension permission: mozillaAddons
1562086837374	addons.webextension.screenshots@mozilla.org	WARN	Loading extension 'screenshots@mozilla.org': Reading manifest: Invalid extension permission: resource://pdf.js/
1562086837374	addons.webextension.screenshots@mozilla.org	WARN	Loading extension 'screenshots@mozilla.org': Reading manifest: Invalid extension permission: about:reader*
1562086839366	Marionette	INFO	Listening on port 54922
Jul 02, 2019 8:00:39 PM org.openqa.selenium.remote.ProtocolHandshake createSession
INFO: Detected dialect: W3C
1562086842091	Marionette	INFO	Stopped listening on port 54922

###!!! [Child][RunMessage] Error: Channel closing: too late to send/recv, messages will be lost


###!!! [Child][RunMessage] Error: Channel closing: too late to send/recv, messages will be lost

]]></system-err>
</testsuite>
