<?xml version="1.0" encoding="UTF-8"?>
<testsuite name="addressbook_web_tests.tests.ContactCreationTest" tests="1" skipped="0" failures="0" errors="0" timestamp="2019-07-02T15:45:08" hostname="MacBook-Air.local" time="12.301">
  <properties/>
  <testcase name="testContactCreation" classname="addressbook_web_tests.tests.ContactCreationTest" time="12.301"/>
  <system-out><![CDATA[]]></system-out>
  <system-err><![CDATA[1562082309666	mozrunner::runner	INFO	Running command: "/Applications/Firefox.app/Contents/MacOS/firefox-bin" "-marionette" "-foreground" "-no-remote" "-profile" "/var/folders/6h/2pzsp50n6q58wx9vcx3w9rr40000gn/T/rust_mozprofile.afoL8WTUkNz4"
1562082310887	addons.webextension.screenshots@mozilla.org	WARN	Loading extension 'screenshots@mozilla.org': Reading manifest: Invalid extension permission: mozillaAddons
1562082310887	addons.webextension.screenshots@mozilla.org	WARN	Loading extension 'screenshots@mozilla.org': Reading manifest: Invalid extension permission: resource://pdf.js/
1562082310887	addons.webextension.screenshots@mozilla.org	WARN	Loading extension 'screenshots@mozilla.org': Reading manifest: Invalid extension permission: about:reader*
1562082313237	Marionette	INFO	Listening on port 64005
Jul 02, 2019 6:45:13 PM org.openqa.selenium.remote.ProtocolHandshake createSession
INFO: Detected dialect: W3C
1562082320234	Marionette	INFO	Stopped listening on port 64005
]]></system-err>
</testsuite>
