<?xml version="1.0" encoding="UTF-8"?>
<testsuite name="addressbook_web_tests.tests.ContactCreationTest" tests="1" skipped="0" failures="0" errors="0" timestamp="2019-07-03T07:41:51" hostname="MacBook-Air.local" time="10.677">
  <properties/>
  <testcase name="testContactCreation" classname="addressbook_web_tests.tests.ContactCreationTest" time="10.677"/>
  <system-out><![CDATA[]]></system-out>
  <system-err><![CDATA[1562139712889	mozrunner::runner	INFO	Running command: "/Applications/Firefox.app/Contents/MacOS/firefox-bin" "-marionette" "-foreground" "-no-remote" "-profile" "/var/folders/6h/2pzsp50n6q58wx9vcx3w9rr40000gn/T/rust_mozprofile.9fWcJMte8HAQ"
1562139714043	addons.webextension.screenshots@mozilla.org	WARN	Loading extension 'screenshots@mozilla.org': Reading manifest: Invalid extension permission: mozillaAddons
1562139714044	addons.webextension.screenshots@mozilla.org	WARN	Loading extension 'screenshots@mozilla.org': Reading manifest: Invalid extension permission: resource://pdf.js/
1562139714044	addons.webextension.screenshots@mozilla.org	WARN	Loading extension 'screenshots@mozilla.org': Reading manifest: Invalid extension permission: about:reader*
1562139716457	Marionette	INFO	Listening on port 56809
Jul 03, 2019 10:41:56 AM org.openqa.selenium.remote.ProtocolHandshake createSession
INFO: Detected dialect: W3C
1562139721770	Marionette	INFO	Stopped listening on port 56809
]]></system-err>
</testsuite>
